Kenoha_Frontend/app/build/intermediates/manifest_merge_blame_file/debug/processDebugMainManifest/manifest-merger-blame-debug-report.txt
1<?xml version="1.0" encoding="utf-8"?>
2<manifest xmlns:android="http://schemas.android.com/apk/res/android"
3    package="com.example.kenoha1"
4    android:versionCode="1"
5    android:versionName="1.0" >
6
7    <uses-sdk
8        android:minSdkVersion="26"
9        android:targetSdkVersion="35" />
10
11    <!-- === Permissions === -->
12    <uses-permission android:name="android.permission.RECORD_AUDIO" />
12-->src\main\AndroidManifest.xml:7:5-71
12-->src\main\AndroidManifest.xml:7:22-68
13    <uses-permission android:name="android.permission.INTERNET" />
13-->src\main\AndroidManifest.xml:8:5-67
13-->src\main\AndroidManifest.xml:8:22-64
14    <uses-permission android:name="android.permission.READ_CONTACTS" />
14-->src\main\AndroidManifest.xml:9:5-72
14-->src\main\AndroidManifest.xml:9:22-69
15    <uses-permission android:name="android.permission.CALL_PHONE" />
15-->src\main\AndroidManifest.xml:10:5-69
15-->src\main\AndroidManifest.xml:10:22-66
16    <uses-permission android:name="android.permission.FOREGROUND_SERVICE" />
16-->src\main\AndroidManifest.xml:11:5-77
16-->src\main\AndroidManifest.xml:11:22-74
17    <uses-permission android:name="android.permission.SEND_SMS" />
17-->src\main\AndroidManifest.xml:12:5-67
17-->src\main\AndroidManifest.xml:12:22-64
18    <uses-permission android:name="android.permission.MODIFY_AUDIO_SETTINGS" />
18-->src\main\AndroidManifest.xml:13:5-80
18-->src\main\AndroidManifest.xml:13:22-77
19    <uses-permission android:name="android.permission.POST_NOTIFICATIONS" />
19-->src\main\AndroidManifest.xml:14:5-77
19-->src\main\AndroidManifest.xml:14:22-74
20    <uses-permission android:name="android.permission.ACCESS_FINE_LOCATION" />
20-->src\main\AndroidManifest.xml:15:5-79
20-->src\main\AndroidManifest.xml:15:22-76
21    <uses-permission android:name="android.permission.ACCESS_COARSE_LOCATION" />
21-->src\main\AndroidManifest.xml:16:5-81
21-->src\main\AndroidManifest.xml:16:22-78
22    <uses-permission android:name="android.permission.SCHEDULE_EXACT_ALARM" />
22-->src\main\AndroidManifest.xml:17:5-79
22-->src\main\AndroidManifest.xml:17:22-76
23    <uses-permission android:name="android.permission.ACCESS_FINE_LOCATION" />
23-->src\main\AndroidManifest.xml:15:5-79
23-->src\main\AndroidManifest.xml:15:22-76
24    <uses-permission android:name="android.permission.ACCESS_COARSE_LOCATION" />
24-->src\main\AndroidManifest.xml:16:5-81
24-->src\main\AndroidManifest.xml:16:22-78
25    <uses-permission android:name="android.permission.INTERNET" />
25-->src\main\AndroidManifest.xml:8:5-67
25-->src\main\AndroidManifest.xml:8:22-64
26    <uses-permission android:name="android.permission.RECEIVE_BOOT_COMPLETED" />
26-->src\main\AndroidManifest.xml:21:5-80
26-->src\main\AndroidManifest.xml:21:22-78
27    <uses-permission android:name="android.permission.SCHEDULE_EXACT_ALARM" />
27-->src\main\AndroidManifest.xml:17:5-79
27-->src\main\AndroidManifest.xml:17:22-76
28    <uses-permission android:name="android.permission.POST_NOTIFICATIONS" />
28-->src\main\AndroidManifest.xml:14:5-77
28-->src\main\AndroidManifest.xml:14:22-74
29    <uses-permission android:name="android.permission.READ_EXTERNAL_STORAGE" />
29-->src\main\AndroidManifest.xml:24:5-80
29-->src\main\AndroidManifest.xml:24:22-77
30    <uses-permission android:name="android.permission.WRITE_EXTERNAL_STORAGE" />
30-->src\main\AndroidManifest.xml:25:5-81
30-->src\main\AndroidManifest.xml:25:22-78
31
32    <!-- Optional: Allows vibration for notifications -->
33    <uses-permission android:name="android.permission.VIBRATE" />
33-->src\main\AndroidManifest.xml:29:5-66
33-->src\main\AndroidManifest.xml:29:22-63
34    <!-- Include required permissions for Google Maps API to run. -->
35    <uses-permission android:name="android.permission.ACCESS_NETWORK_STATE" />
35-->[com.google.android.gms:play-services-maps:18.1.0] AndroidManifest.xml:23:5-79
35-->[com.google.android.gms:play-services-maps:18.1.0] AndroidManifest.xml:23:22-76
36
37    <uses-feature
37-->[com.google.android.gms:play-services-maps:18.1.0] AndroidManifest.xml:26:5-28:35
38        android:glEsVersion="0x00020000"
38-->[com.google.android.gms:play-services-maps:18.1.0] AndroidManifest.xml:27:9-41
39        android:required="true" />
39-->[com.google.android.gms:play-services-maps:18.1.0] AndroidManifest.xml:28:9-32
40
41    <queries>
41-->[com.google.android.gms:play-services-maps:18.1.0] AndroidManifest.xml:30:5-34:15
42
43        <!-- Needs to be explicitly declared on Android R+ -->
44        <package android:name="com.google.android.apps.maps" />
44-->[com.google.android.gms:play-services-maps:18.1.0] AndroidManifest.xml:33:9-64
44-->[com.google.android.gms:play-services-maps:18.1.0] AndroidManifest.xml:33:18-61
45    </queries>
46
47    <uses-permission android:name="android.permission.WAKE_LOCK" />
47-->[androidx.work:work-runtime:2.8.1] AndroidManifest.xml:23:5-68
47-->[androidx.work:work-runtime:2.8.1] AndroidManifest.xml:23:22-65
48
49    <permission
49-->[androidx.core:core:1.16.0] AndroidManifest.xml:22:5-24:47
50        android:name="com.example.kenoha1.DYNAMIC_RECEIVER_NOT_EXPORTED_PERMISSION"
50-->[androidx.core:core:1.16.0] AndroidManifest.xml:23:9-81
51        android:protectionLevel="signature" />
51-->[androidx.core:core:1.16.0] AndroidManifest.xml:24:9-44
52
53    <uses-permission android:name="com.example.kenoha1.DYNAMIC_RECEIVER_NOT_EXPORTED_PERMISSION" /> <!-- === Application Section === -->
53-->[androidx.core:core:1.16.0] AndroidManifest.xml:26:5-97
53-->[androidx.core:core:1.16.0] AndroidManifest.xml:26:22-94
54    <application
54-->src\main\AndroidManifest.xml:32:5-108:19
55        android:allowBackup="true"
55-->src\main\AndroidManifest.xml:33:9-35
56        android:appComponentFactory="androidx.core.app.CoreComponentFactory"
56-->[androidx.core:core:1.16.0] AndroidManifest.xml:28:18-86
57        android:dataExtractionRules="@xml/data_extraction_rules"
57-->src\main\AndroidManifest.xml:34:9-65
58        android:debuggable="true"
59        android:extractNativeLibs="false"
60        android:fullBackupContent="@xml/backup_rules"
60-->src\main\AndroidManifest.xml:35:9-54
61        android:icon="@drawable/app_logo"
61-->src\main\AndroidManifest.xml:36:9-42
62        android:label="@string/app_name"
62-->src\main\AndroidManifest.xml:37:9-41
63        android:roundIcon="@drawable/app_logo"
63-->src\main\AndroidManifest.xml:38:9-47
64        android:supportsRtl="true"
64-->src\main\AndroidManifest.xml:40:9-35
65        android:testOnly="true"
66        android:theme="@style/Theme.Kenoha1"
66-->src\main\AndroidManifest.xml:41:9-45
67        android:usesCleartextTraffic="true" >
67-->src\main\AndroidManifest.xml:39:9-44
68
69        <!-- === Splash Screen === -->
70        <activity
70-->src\main\AndroidManifest.xml:45:9-53:20
71            android:name="com.example.kenoha1.SplashActivity"
71-->src\main\AndroidManifest.xml:46:13-43
72            android:exported="true"
72-->src\main\AndroidManifest.xml:47:13-36
73            android:theme="@style/Theme.Kenoha1.SplashScreen" >
73-->src\main\AndroidManifest.xml:48:13-62
74            <intent-filter>
74-->src\main\AndroidManifest.xml:49:13-52:29
75                <action android:name="android.intent.action.MAIN" />
75-->src\main\AndroidManifest.xml:50:17-69
75-->src\main\AndroidManifest.xml:50:25-66
76
77                <category android:name="android.intent.category.LAUNCHER" />
77-->src\main\AndroidManifest.xml:51:17-77
77-->src\main\AndroidManifest.xml:51:27-74
78            </intent-filter>
79        </activity>
80
81        <!-- === Authentication & Profile === -->
82        <activity
82-->src\main\AndroidManifest.xml:56:9-76
83            android:name="com.example.kenoha1.SignInActivity"
83-->src\main\AndroidManifest.xml:56:19-49
84            android:exported="true" />
84-->src\main\AndroidManifest.xml:56:50-73
85        <activity
85-->src\main\AndroidManifest.xml:57:9-77
86            android:name="com.example.kenoha1.ProfileActivity"
86-->src\main\AndroidManifest.xml:57:19-50
87            android:exported="true" />
87-->src\main\AndroidManifest.xml:57:51-74
88
89        <!-- === Main & Assistance Pages === -->
90        <activity
90-->src\main\AndroidManifest.xml:60:9-64:52
91            android:name="com.example.kenoha1.MainActivity"
91-->src\main\AndroidManifest.xml:61:13-41
92            android:exported="true"
92-->src\main\AndroidManifest.xml:62:13-36
93            android:label="@string/app_name"
93-->src\main\AndroidManifest.xml:63:13-45
94            android:theme="@style/Theme.Kenoha1" />
94-->src\main\AndroidManifest.xml:64:13-49
95        <activity
95-->src\main\AndroidManifest.xml:66:9-70:52
96            android:name="com.example.kenoha1.UserDetailsActivity"
96-->src\main\AndroidManifest.xml:67:13-48
97            android:exported="true"
97-->src\main\AndroidManifest.xml:68:13-36
98            android:label="@string/app_name"
98-->src\main\AndroidManifest.xml:69:13-45
99            android:theme="@style/Theme.Kenoha1" />
99-->src\main\AndroidManifest.xml:70:13-49
100        <activity
100-->src\main\AndroidManifest.xml:72:9-76:52
101            android:name="com.example.kenoha1.AssistanceActivity"
101-->src\main\AndroidManifest.xml:73:13-47
102            android:exported="true"
102-->src\main\AndroidManifest.xml:74:13-36
103            android:label="@string/app_name"
103-->src\main\AndroidManifest.xml:75:13-45
104            android:theme="@style/Theme.Kenoha1" />
104-->src\main\AndroidManifest.xml:76:13-49
105        <activity
105-->src\main\AndroidManifest.xml:80:9-84:52
106            android:name="com.example.kenoha1.SignUpActivity"
106-->src\main\AndroidManifest.xml:81:13-43
107            android:exported="true"
107-->src\main\AndroidManifest.xml:82:13-36
108            android:label="@string/app_name"
108-->src\main\AndroidManifest.xml:83:13-45
109            android:theme="@style/Theme.Kenoha1" />
109-->src\main\AndroidManifest.xml:84:13-49
110
111        <!-- === Reminder and Emergency Activities === -->
112        <activity
112-->src\main\AndroidManifest.xml:87:9-91:52
113            android:name="com.example.kenoha1.WaterReminderActivity"
113-->src\main\AndroidManifest.xml:88:13-50
114            android:exported="true"
114-->src\main\AndroidManifest.xml:89:13-36
115            android:label="Water Reminder"
115-->src\main\AndroidManifest.xml:90:13-43
116            android:theme="@style/Theme.Kenoha1" />
116-->src\main\AndroidManifest.xml:91:13-49
117        <activity
117-->src\main\AndroidManifest.xml:93:9-97:52
118            android:name="com.example.kenoha1.EmergencyCallActivity"
118-->src\main\AndroidManifest.xml:94:13-50
119            android:exported="true"
119-->src\main\AndroidManifest.xml:95:13-36
120            android:label="Emergency Call"
120-->src\main\AndroidManifest.xml:96:13-43
121            android:theme="@style/Theme.Kenoha1" />
121-->src\main\AndroidManifest.xml:97:13-49
122
123        <!-- === Appointment Activity === -->
124        <!-- <activity android:name=".AppointmentActivity" android:exported="true" /> -->
125
126        <meta-data
126-->src\main\AndroidManifest.xml:105:9-107:55
127            android:name="com.google.android.geo.API_KEY"
127-->src\main\AndroidManifest.xml:106:13-58
128            android:value="YOUR_GOOGLE_MAPS_API_KEY" />
128-->src\main\AndroidManifest.xml:107:13-53
129
130        <activity
130-->[androidx.compose.ui:ui-tooling-android:1.7.0] AndroidManifest.xml:23:9-25:39
131            android:name="androidx.compose.ui.tooling.PreviewActivity"
131-->[androidx.compose.ui:ui-tooling-android:1.7.0] AndroidManifest.xml:24:13-71
132            android:exported="true" />
132-->[androidx.compose.ui:ui-tooling-android:1.7.0] AndroidManifest.xml:25:13-36
133        <activity
133-->[androidx.compose.ui:ui-test-manifest:1.7.0] AndroidManifest.xml:23:9-25:39
134            android:name="androidx.activity.ComponentActivity"
134-->[androidx.compose.ui:ui-test-manifest:1.7.0] AndroidManifest.xml:24:13-63
135            android:exported="true" /> <!-- Needs to be explicitly declared on P+ -->
135-->[androidx.compose.ui:ui-test-manifest:1.7.0] AndroidManifest.xml:25:13-36
136        <uses-library
136-->[com.google.android.gms:play-services-maps:18.1.0] AndroidManifest.xml:39:9-41:40
137            android:name="org.apache.http.legacy"
137-->[com.google.android.gms:play-services-maps:18.1.0] AndroidManifest.xml:40:13-50
138            android:required="false" />
138-->[com.google.android.gms:play-services-maps:18.1.0] AndroidManifest.xml:41:13-37
139
140        <activity
140-->[com.google.android.gms:play-services-base:18.1.0] AndroidManifest.xml:20:9-22:45
141            android:name="com.google.android.gms.common.api.GoogleApiActivity"
141-->[com.google.android.gms:play-services-base:18.1.0] AndroidManifest.xml:20:19-85
142            android:exported="false"
142-->[com.google.android.gms:play-services-base:18.1.0] AndroidManifest.xml:22:19-43
143            android:theme="@android:style/Theme.Translucent.NoTitleBar" />
143-->[com.google.android.gms:play-services-base:18.1.0] AndroidManifest.xml:21:19-78
144
145        <meta-data
145-->[com.google.android.gms:play-services-basement:18.1.0] AndroidManifest.xml:21:9-23:69
146            android:name="com.google.android.gms.version"
146-->[com.google.android.gms:play-services-basement:18.1.0] AndroidManifest.xml:22:13-58
147            android:value="@integer/google_play_services_version" />
147-->[com.google.android.gms:play-services-basement:18.1.0] AndroidManifest.xml:23:13-66
148
149        <provider
149-->[androidx.emoji2:emoji2:1.3.0] AndroidManifest.xml:24:9-32:20
150            android:name="androidx.startup.InitializationProvider"
150-->[androidx.emoji2:emoji2:1.3.0] AndroidManifest.xml:25:13-67
151            android:authorities="com.example.kenoha1.androidx-startup"
151-->[androidx.emoji2:emoji2:1.3.0] AndroidManifest.xml:26:13-68
152            android:exported="false" >
152-->[androidx.emoji2:emoji2:1.3.0] AndroidManifest.xml:27:13-37
153            <meta-data
153-->[androidx.emoji2:emoji2:1.3.0] AndroidManifest.xml:29:13-31:52
154                android:name="androidx.emoji2.text.EmojiCompatInitializer"
154-->[androidx.emoji2:emoji2:1.3.0] AndroidManifest.xml:30:17-75
155                android:value="androidx.startup" />
155-->[androidx.emoji2:emoji2:1.3.0] AndroidManifest.xml:31:17-49
156            <meta-data
156-->[androidx.work:work-runtime:2.8.1] AndroidManifest.xml:34:13-36:52
157                android:name="androidx.work.WorkManagerInitializer"
157-->[androidx.work:work-runtime:2.8.1] AndroidManifest.xml:35:17-68
158                android:value="androidx.startup" />
158-->[androidx.work:work-runtime:2.8.1] AndroidManifest.xml:36:17-49
159            <meta-data
159-->[androidx.lifecycle:lifecycle-process:2.8.3] AndroidManifest.xml:29:13-31:52
160                android:name="androidx.lifecycle.ProcessLifecycleInitializer"
160-->[androidx.lifecycle:lifecycle-process:2.8.3] AndroidManifest.xml:30:17-78
161                android:value="androidx.startup" />
161-->[androidx.lifecycle:lifecycle-process:2.8.3] AndroidManifest.xml:31:17-49
162            <meta-data
162-->[androidx.profileinstaller:profileinstaller:1.3.1] AndroidManifest.xml:29:13-31:52
163                android:name="androidx.profileinstaller.ProfileInstallerInitializer"
163-->[androidx.profileinstaller:profileinstaller:1.3.1] AndroidManifest.xml:30:17-85
164                android:value="androidx.startup" />
164-->[androidx.profileinstaller:profileinstaller:1.3.1] AndroidManifest.xml:31:17-49
165        </provider>
166
167        <service
167-->[androidx.work:work-runtime:2.8.1] AndroidManifest.xml:39:9-45:35
168            android:name="androidx.work.impl.background.systemalarm.SystemAlarmService"
168-->[androidx.work:work-runtime:2.8.1] AndroidManifest.xml:40:13-88
169            android:directBootAware="false"
169-->[androidx.work:work-runtime:2.8.1] AndroidManifest.xml:41:13-44
170            android:enabled="@bool/enable_system_alarm_service_default"
170-->[androidx.work:work-runtime:2.8.1] AndroidManifest.xml:42:13-72
171            android:exported="false" />
171-->[androidx.work:work-runtime:2.8.1] AndroidManifest.xml:43:13-37
172        <service
172-->[androidx.work:work-runtime:2.8.1] AndroidManifest.xml:46:9-52:35
173            android:name="androidx.work.impl.background.systemjob.SystemJobService"
173-->[androidx.work:work-runtime:2.8.1] AndroidManifest.xml:47:13-84
174            android:directBootAware="false"
174-->[androidx.work:work-runtime:2.8.1] AndroidManifest.xml:48:13-44
175            android:enabled="@bool/enable_system_job_service_default"
175-->[androidx.work:work-runtime:2.8.1] AndroidManifest.xml:49:13-70
176            android:exported="true"
176-->[androidx.work:work-runtime:2.8.1] AndroidManifest.xml:50:13-36
177            android:permission="android.permission.BIND_JOB_SERVICE" />
177-->[androidx.work:work-runtime:2.8.1] AndroidManifest.xml:51:13-69
178        <service
178-->[androidx.work:work-runtime:2.8.1] AndroidManifest.xml:53:9-59:35
179            android:name="androidx.work.impl.foreground.SystemForegroundService"
179-->[androidx.work:work-runtime:2.8.1] AndroidManifest.xml:54:13-81
180            android:directBootAware="false"
180-->[androidx.work:work-runtime:2.8.1] AndroidManifest.xml:55:13-44
181            android:enabled="@bool/enable_system_foreground_service_default"
181-->[androidx.work:work-runtime:2.8.1] AndroidManifest.xml:56:13-77
182            android:exported="false" />
182-->[androidx.work:work-runtime:2.8.1] AndroidManifest.xml:57:13-37
183
184        <receiver
184-->[androidx.work:work-runtime:2.8.1] AndroidManifest.xml:61:9-66:35
185            android:name="androidx.work.impl.utils.ForceStopRunnable$BroadcastReceiver"
185-->[androidx.work:work-runtime:2.8.1] AndroidManifest.xml:62:13-88
186            android:directBootAware="false"
186-->[androidx.work:work-runtime:2.8.1] AndroidManifest.xml:63:13-44
187            android:enabled="true"
187-->[androidx.work:work-runtime:2.8.1] AndroidManifest.xml:64:13-35
188            android:exported="false" />
188-->[androidx.work:work-runtime:2.8.1] AndroidManifest.xml:65:13-37
189        <receiver
189-->[androidx.work:work-runtime:2.8.1] AndroidManifest.xml:67:9-77:20
190            android:name="androidx.work.impl.background.systemalarm.ConstraintProxy$BatteryChargingProxy"
190-->[androidx.work:work-runtime:2.8.1] AndroidManifest.xml:68:13-106
191            android:directBootAware="false"
191-->[androidx.work:work-runtime:2.8.1] AndroidManifest.xml:69:13-44
192            android:enabled="false"
192-->[androidx.work:work-runtime:2.8.1] AndroidManifest.xml:70:13-36
193            android:exported="false" >
193-->[androidx.work:work-runtime:2.8.1] AndroidManifest.xml:71:13-37
194            <intent-filter>
194-->[androidx.work:work-runtime:2.8.1] AndroidManifest.xml:73:13-76:29
195                <action android:name="android.intent.action.ACTION_POWER_CONNECTED" />
195-->[androidx.work:work-runtime:2.8.1] AndroidManifest.xml:74:17-87
195-->[androidx.work:work-runtime:2.8.1] AndroidManifest.xml:74:25-84
196                <action android:name="android.intent.action.ACTION_POWER_DISCONNECTED" />
196-->[androidx.work:work-runtime:2.8.1] AndroidManifest.xml:75:17-90
196-->[androidx.work:work-runtime:2.8.1] AndroidManifest.xml:75:25-87
197            </intent-filter>
198        </receiver>
199        <receiver
199-->[androidx.work:work-runtime:2.8.1] AndroidManifest.xml:78:9-88:20
200            android:name="androidx.work.impl.background.systemalarm.ConstraintProxy$BatteryNotLowProxy"
200-->[androidx.work:work-runtime:2.8.1] AndroidManifest.xml:79:13-104
201            android:directBootAware="false"
201-->[androidx.work:work-runtime:2.8.1] AndroidManifest.xml:80:13-44
202            android:enabled="false"
202-->[androidx.work:work-runtime:2.8.1] AndroidManifest.xml:81:13-36
203            android:exported="false" >
203-->[androidx.work:work-runtime:2.8.1] AndroidManifest.xml:82:13-37
204            <intent-filter>
204-->[androidx.work:work-runtime:2.8.1] AndroidManifest.xml:84:13-87:29
205                <action android:name="android.intent.action.BATTERY_OKAY" />
205-->[androidx.work:work-runtime:2.8.1] AndroidManifest.xml:85:17-77
205-->[androidx.work:work-runtime:2.8.1] AndroidManifest.xml:85:25-74
206                <action android:name="android.intent.action.BATTERY_LOW" />
206-->[androidx.work:work-runtime:2.8.1] AndroidManifest.xml:86:17-76
206-->[androidx.work:work-runtime:2.8.1] AndroidManifest.xml:86:25-73
207            </intent-filter>
208        </receiver>
209        <receiver
209-->[androidx.work:work-runtime:2.8.1] AndroidManifest.xml:89:9-99:20
210            android:name="androidx.work.impl.background.systemalarm.ConstraintProxy$StorageNotLowProxy"
210-->[androidx.work:work-runtime:2.8.1] AndroidManifest.xml:90:13-104
211            android:directBootAware="false"
211-->[androidx.work:work-runtime:2.8.1] AndroidManifest.xml:91:13-44
212            android:enabled="false"
212-->[androidx.work:work-runtime:2.8.1] AndroidManifest.xml:92:13-36
213            android:exported="false" >
213-->[androidx.work:work-runtime:2.8.1] AndroidManifest.xml:93:13-37
214            <intent-filter>
214-->[androidx.work:work-runtime:2.8.1] AndroidManifest.xml:95:13-98:29
215                <action android:name="android.intent.action.DEVICE_STORAGE_LOW" />
215-->[androidx.work:work-runtime:2.8.1] AndroidManifest.xml:96:17-83
215-->[androidx.work:work-runtime:2.8.1] AndroidManifest.xml:96:25-80
216                <action android:name="android.intent.action.DEVICE_STORAGE_OK" />
216-->[androidx.work:work-runtime:2.8.1] AndroidManifest.xml:97:17-82
216-->[androidx.work:work-runtime:2.8.1] AndroidManifest.xml:97:25-79
217            </intent-filter>
218        </receiver>
219        <receiver
219-->[androidx.work:work-runtime:2.8.1] AndroidManifest.xml:100:9-109:20
220            android:name="androidx.work.impl.background.systemalarm.ConstraintProxy$NetworkStateProxy"
220-->[androidx.work:work-runtime:2.8.1] AndroidManifest.xml:101:13-103
221            android:directBootAware="false"
221-->[androidx.work:work-runtime:2.8.1] AndroidManifest.xml:102:13-44
222            android:enabled="false"
222-->[androidx.work:work-runtime:2.8.1] AndroidManifest.xml:103:13-36
223            android:exported="false" >
223-->[androidx.work:work-runtime:2.8.1] AndroidManifest.xml:104:13-37
224            <intent-filter>
224-->[androidx.work:work-runtime:2.8.1] AndroidManifest.xml:106:13-108:29
225                <action android:name="android.net.conn.CONNECTIVITY_CHANGE" />
225-->[androidx.work:work-runtime:2.8.1] AndroidManifest.xml:107:17-79
225-->[androidx.work:work-runtime:2.8.1] AndroidManifest.xml:107:25-76
226            </intent-filter>
227        </receiver>
228        <receiver
228-->[androidx.work:work-runtime:2.8.1] AndroidManifest.xml:110:9-121:20
229            android:name="androidx.work.impl.background.systemalarm.RescheduleReceiver"
229-->[androidx.work:work-runtime:2.8.1] AndroidManifest.xml:111:13-88
230            android:directBootAware="false"
230-->[androidx.work:work-runtime:2.8.1] AndroidManifest.xml:112:13-44
231            android:enabled="false"
231-->[androidx.work:work-runtime:2.8.1] AndroidManifest.xml:113:13-36
232            android:exported="false" >
232-->[androidx.work:work-runtime:2.8.1] AndroidManifest.xml:114:13-37
233            <intent-filter>
233-->[androidx.work:work-runtime:2.8.1] AndroidManifest.xml:116:13-120:29
234                <action android:name="android.intent.action.BOOT_COMPLETED" />
234-->[androidx.work:work-runtime:2.8.1] AndroidManifest.xml:117:17-79
234-->[androidx.work:work-runtime:2.8.1] AndroidManifest.xml:117:25-76
235                <action android:name="android.intent.action.TIME_SET" />
235-->[androidx.work:work-runtime:2.8.1] AndroidManifest.xml:118:17-73
235-->[androidx.work:work-runtime:2.8.1] AndroidManifest.xml:118:25-70
236                <action android:name="android.intent.action.TIMEZONE_CHANGED" />
236-->[androidx.work:work-runtime:2.8.1] AndroidManifest.xml:119:17-81
236-->[androidx.work:work-runtime:2.8.1] AndroidManifest.xml:119:25-78
237            </intent-filter>
238        </receiver>
239        <receiver
239-->[androidx.work:work-runtime:2.8.1] AndroidManifest.xml:122:9-131:20
240            android:name="androidx.work.impl.background.systemalarm.ConstraintProxyUpdateReceiver"
240-->[androidx.work:work-runtime:2.8.1] AndroidManifest.xml:123:13-99
241            android:directBootAware="false"
241-->[androidx.work:work-runtime:2.8.1] AndroidManifest.xml:124:13-44
242            android:enabled="@bool/enable_system_alarm_service_default"
242-->[androidx.work:work-runtime:2.8.1] AndroidManifest.xml:125:13-72
243            android:exported="false" >
243-->[androidx.work:work-runtime:2.8.1] AndroidManifest.xml:126:13-37
244            <intent-filter>
244-->[androidx.work:work-runtime:2.8.1] AndroidManifest.xml:128:13-130:29
245                <action android:name="androidx.work.impl.background.systemalarm.UpdateProxies" />
245-->[androidx.work:work-runtime:2.8.1] AndroidManifest.xml:129:17-98
245-->[androidx.work:work-runtime:2.8.1] AndroidManifest.xml:129:25-95
246            </intent-filter>
247        </receiver>
248        <receiver
248-->[androidx.work:work-runtime:2.8.1] AndroidManifest.xml:132:9-142:20
249            android:name="androidx.work.impl.diagnostics.DiagnosticsReceiver"
249-->[androidx.work:work-runtime:2.8.1] AndroidManifest.xml:133:13-78
250            android:directBootAware="false"
250-->[androidx.work:work-runtime:2.8.1] AndroidManifest.xml:134:13-44
251            android:enabled="true"
251-->[androidx.work:work-runtime:2.8.1] AndroidManifest.xml:135:13-35
252            android:exported="true"
252-->[androidx.work:work-runtime:2.8.1] AndroidManifest.xml:136:13-36
253            android:permission="android.permission.DUMP" >
253-->[androidx.work:work-runtime:2.8.1] AndroidManifest.xml:137:13-57
254            <intent-filter>
254-->[androidx.work:work-runtime:2.8.1] AndroidManifest.xml:139:13-141:29
255                <action android:name="androidx.work.diagnostics.REQUEST_DIAGNOSTICS" />
255-->[androidx.work:work-runtime:2.8.1] AndroidManifest.xml:140:17-88
255-->[androidx.work:work-runtime:2.8.1] AndroidManifest.xml:140:25-85
256            </intent-filter>
257        </receiver>
258        <receiver
258-->[androidx.profileinstaller:profileinstaller:1.3.1] AndroidManifest.xml:34:9-52:20
259            android:name="androidx.profileinstaller.ProfileInstallReceiver"
259-->[androidx.profileinstaller:profileinstaller:1.3.1] AndroidManifest.xml:35:13-76
260            android:directBootAware="false"
260-->[androidx.profileinstaller:profileinstaller:1.3.1] AndroidManifest.xml:36:13-44
261            android:enabled="true"
261-->[androidx.profileinstaller:profileinstaller:1.3.1] AndroidManifest.xml:37:13-35
262            android:exported="true"
262-->[androidx.profileinstaller:profileinstaller:1.3.1] AndroidManifest.xml:38:13-36
263            android:permission="android.permission.DUMP" >
263-->[androidx.profileinstaller:profileinstaller:1.3.1] AndroidManifest.xml:39:13-57
264            <intent-filter>
264-->[androidx.profileinstaller:profileinstaller:1.3.1] AndroidManifest.xml:40:13-42:29
265                <action android:name="androidx.profileinstaller.action.INSTALL_PROFILE" />
265-->[androidx.profileinstaller:profileinstaller:1.3.1] AndroidManifest.xml:41:17-91
265-->[androidx.profileinstaller:profileinstaller:1.3.1] AndroidManifest.xml:41:25-88
266            </intent-filter>
267            <intent-filter>
267-->[androidx.profileinstaller:profileinstaller:1.3.1] AndroidManifest.xml:43:13-45:29
268                <action android:name="androidx.profileinstaller.action.SKIP_FILE" />
268-->[androidx.profileinstaller:profileinstaller:1.3.1] AndroidManifest.xml:44:17-85
268-->[androidx.profileinstaller:profileinstaller:1.3.1] AndroidManifest.xml:44:25-82
269            </intent-filter>
270            <intent-filter>
270-->[androidx.profileinstaller:profileinstaller:1.3.1] AndroidManifest.xml:46:13-48:29
271                <action android:name="androidx.profileinstaller.action.SAVE_PROFILE" />
271-->[androidx.profileinstaller:profileinstaller:1.3.1] AndroidManifest.xml:47:17-88
271-->[androidx.profileinstaller:profileinstaller:1.3.1] AndroidManifest.xml:47:25-85
272            </intent-filter>
273            <intent-filter>
273-->[androidx.profileinstaller:profileinstaller:1.3.1] AndroidManifest.xml:49:13-51:29
274                <action android:name="androidx.profileinstaller.action.BENCHMARK_OPERATION" />
274-->[androidx.profileinstaller:profileinstaller:1.3.1] AndroidManifest.xml:50:17-95
274-->[androidx.profileinstaller:profileinstaller:1.3.1] AndroidManifest.xml:50:25-92
275            </intent-filter>
276        </receiver>
277
278        <service
278-->[androidx.room:room-runtime:2.5.0] AndroidManifest.xml:24:9-28:63
279            android:name="androidx.room.MultiInstanceInvalidationService"
279-->[androidx.room:room-runtime:2.5.0] AndroidManifest.xml:25:13-74
280            android:directBootAware="true"
280-->[androidx.room:room-runtime:2.5.0] AndroidManifest.xml:26:13-43
281            android:exported="false" />
281-->[androidx.room:room-runtime:2.5.0] AndroidManifest.xml:27:13-37
282    </application>
283
284</manifest>